2025-04-10 12:26:06,616 - INFO - 开始执行代码 [ID: 9534b7ab-6cec-43de-bbe5-8cdd99b3efa3]
2025-04-10 12:26:06,618 - INFO - 代码内容:
"""
import math
x = math.sqrt(16)
__result__ = x
"""
2025-04-10 12:26:06,623 - INFO - 沙箱设置: {
  "max_memory_mb": 100,
  "max_cpu_percent": 50,
  "max_execution_time": 10,
  "allowed_directories": [
    "./"
  ],
  "network_access": false,
  "allow_file_operations": false,
  "allow_imports": true,
  "allowed_modules": [
    "math",
    "random",
    "json",
    "time",
    "array"
  ],
  "check_interval": 0.1
}
2025-04-10 12:26:06,630 - INFO - 执行结束 [ID: 9534b7ab-6cec-43de-bbe5-8cdd99b3efa3] - 状态: 成功, 耗时: 0.0136秒
2025-04-10 12:26:06,980 - INFO - 开始执行代码 [ID: 520df0de-e296-4c37-9ce3-a5b7a736e085]
2025-04-10 12:26:06,980 - INFO - 开始执行代码 [ID: 520df0de-e296-4c37-9ce3-a5b7a736e085]
2025-04-10 12:26:06,981 - INFO - 代码内容:
"""
import math
x = math.sqrt(16)
__result__ = x
"""
2025-04-10 12:26:06,981 - INFO - 代码内容:
"""
import math
x = math.sqrt(16)
__result__ = x
"""
2025-04-10 12:26:06,983 - INFO - 沙箱设置: {
  "max_memory_mb": 100,
  "max_cpu_percent": 50,
  "max_execution_time": 10,
  "allowed_directories": [
    "./"
  ],
  "network_access": false,
  "allow_file_operations": false,
  "allow_imports": true,
  "allowed_modules": [
    "math",
    "random",
    "json",
    "time",
    "array"
  ],
  "check_interval": 0.1
}
2025-04-10 12:26:06,983 - INFO - 沙箱设置: {
  "max_memory_mb": 100,
  "max_cpu_percent": 50,
  "max_execution_time": 10,
  "allowed_directories": [
    "./"
  ],
  "network_access": false,
  "allow_file_operations": false,
  "allow_imports": true,
  "allowed_modules": [
    "math",
    "random",
    "json",
    "time",
    "array"
  ],
  "check_interval": 0.1
}
2025-04-10 12:26:06,991 - INFO - 执行结束 [ID: 520df0de-e296-4c37-9ce3-a5b7a736e085] - 状态: 成功, 耗时: 0.0109秒
2025-04-10 12:26:06,991 - INFO - 执行结束 [ID: 520df0de-e296-4c37-9ce3-a5b7a736e085] - 状态: 成功, 耗时: 0.0109秒
2025-04-10 12:26:07,078 - INFO - 开始执行代码 [ID: 3aaf5f35-575a-49aa-98f9-11bbeb6e9216]
2025-04-10 12:26:07,078 - INFO - 开始执行代码 [ID: 3aaf5f35-575a-49aa-98f9-11bbeb6e9216]
2025-04-10 12:26:07,080 - INFO - 代码内容:
"""
import math
x = math.sqrt(16)
__result__ = x
"""
2025-04-10 12:26:07,080 - INFO - 代码内容:
"""
import math
x = math.sqrt(16)
__result__ = x
"""
2025-04-10 12:26:07,082 - INFO - 沙箱设置: {
  "max_memory_mb": 100,
  "max_cpu_percent": 50,
  "max_execution_time": 10,
  "allowed_directories": [
    "./"
  ],
  "network_access": false,
  "allow_file_operations": false,
  "allow_imports": true,
  "allowed_modules": [
    "math",
    "random",
    "json",
    "time",
    "array"
  ],
  "check_interval": 0.1
}
2025-04-10 12:26:07,082 - INFO - 沙箱设置: {
  "max_memory_mb": 100,
  "max_cpu_percent": 50,
  "max_execution_time": 10,
  "allowed_directories": [
    "./"
  ],
  "network_access": false,
  "allow_file_operations": false,
  "allow_imports": true,
  "allowed_modules": [
    "math",
    "random",
    "json",
    "time",
    "array"
  ],
  "check_interval": 0.1
}
2025-04-10 12:26:07,089 - INFO - 执行结束 [ID: 3aaf5f35-575a-49aa-98f9-11bbeb6e9216] - 状态: 成功, 耗时: 0.0112秒
2025-04-10 12:26:07,089 - INFO - 执行结束 [ID: 3aaf5f35-575a-49aa-98f9-11bbeb6e9216] - 状态: 成功, 耗时: 0.0112秒
