2025-04-10 12:26:07,078 - INFO - 开始执行代码 [ID: 3aaf5f35-575a-49aa-98f9-11bbeb6e9216]
2025-04-10 12:26:07,080 - INFO - 代码内容:
"""
import math
x = math.sqrt(16)
__result__ = x
"""
2025-04-10 12:26:07,082 - INFO - 沙箱设置: {
  "max_memory_mb": 100,
  "max_cpu_percent": 50,
  "max_execution_time": 10,
  "allowed_directories": [
    "./"
  ],
  "network_access": false,
  "allow_file_operations": false,
  "allow_imports": true,
  "allowed_modules": [
    "math",
    "random",
    "json",
    "time",
    "array"
  ],
  "check_interval": 0.1
}
2025-04-10 12:26:07,089 - INFO - 执行结束 [ID: 3aaf5f35-575a-49aa-98f9-11bbeb6e9216] - 状态: 成功, 耗时: 0.0112秒
